2023-06-03 14:21:20,995 -0400 [main] INFO  (Demo.java:43) - DriverSafariDriver: Safari on MAC (1A914453-20B3-4210-90FF-66DA32CADB60)
2023-06-03 14:21:25,144 -0400 [main] INFO  (TVOPage.java:29) - Elementary (K-8) dropdown Locator:[[SafariDriver: Safari on MAC (1A914453-20B3-4210-90FF-66DA32CADB60)] -> xpath: //div[@class='grid grid--no-gutters grid--table site-header__mobile-nav']//li[1]//button[1]]
2023-06-03 14:21:25,177 -0400 [main] INFO  (TVOPage.java:39) - Grade Locator:[[SafariDriver: Safari on MAC (1A914453-20B3-4210-90FF-66DA32CADB60)] -> xpath: //span[@class='site-nav__label'][normalize-space()='Grade 5']]
2023-06-03 14:26:53,619 -0400 [main] INFO  (Demo.java:43) - DriverSafariDriver: Safari on MAC (FEB7365A-C833-439E-AAF8-7553DCBD11C1)
2023-06-03 14:26:58,396 -0400 [main] INFO  (TVOPage.java:29) - Elementary (K-8) dropdown Locator:[[SafariDriver: Safari on MAC (FEB7365A-C833-439E-AAF8-7553DCBD11C1)] -> xpath: //div[@class='grid grid--no-gutters grid--table site-header__mobile-nav']//li[1]//button[1]]
2023-06-03 14:26:58,434 -0400 [main] INFO  (TVOPage.java:39) - Grade Locator:[[SafariDriver: Safari on MAC (FEB7365A-C833-439E-AAF8-7553DCBD11C1)] -> xpath: //span[@class='site-nav__label'][normalize-space()='Grade 5']]
2023-06-03 14:27:15,043 -0400 [main] INFO  (TVOPage.java:51) - Card Locator:Proxy element for: DefaultElementLocator 'By.xpath: //a[@id='s-ace35f53-832c-4a69-8fd1-454cf9205641']'
2023-06-03 14:28:51,799 -0400 [main] INFO  (TVOPage.java:29) - Elementary (K-8) dropdown Locator:[[SafariDriver: Safari on MAC (63FFDC13-E6F1-4EA9-9812-D8EC7B6268B9)] -> xpath: //div[@class='grid grid--no-gutters grid--table site-header__mobile-nav']//li[1]//button[1]]
2023-06-03 14:28:51,843 -0400 [main] INFO  (TVOPage.java:39) - Grade Locator:[[SafariDriver: Safari on MAC (63FFDC13-E6F1-4EA9-9812-D8EC7B6268B9)] -> xpath: //span[@class='site-nav__label'][normalize-space()='Grade 5']]
2023-06-03 14:28:53,989 -0400 [main] INFO  (TVOPage.java:51) - Card Locator:[[SafariDriver: Safari on MAC (63FFDC13-E6F1-4EA9-9812-D8EC7B6268B9)] -> xpath: //a[@id='s-ace35f53-832c-4a69-8fd1-454cf9205641']]
2023-06-03 14:28:56,182 -0400 [main] INFO  (CardPage.java:30) - Link Locator:[[SafariDriver: Safari on MAC (63FFDC13-E6F1-4EA9-9812-D8EC7B6268B9)] -> xpath: //p[normalize-space()='Power Pathways']]
2023-06-03 14:32:21,680 -0400 [main] INFO  (Demo.java:43) - DriverSafariDriver: Safari on MAC (14CB6B60-8F40-4D1F-8F5E-34927D246520)
2023-06-03 14:32:25,767 -0400 [main] INFO  (TVOPage.java:29) - Elementary (K-8) dropdown Locator:[[SafariDriver: Safari on MAC (14CB6B60-8F40-4D1F-8F5E-34927D246520)] -> xpath: //div[@class='grid grid--no-gutters grid--table site-header__mobile-nav']//li[1]//button[1]]
2023-06-03 14:32:25,810 -0400 [main] INFO  (TVOPage.java:39) - Grade Locator:[[SafariDriver: Safari on MAC (14CB6B60-8F40-4D1F-8F5E-34927D246520)] -> xpath: //span[@class='site-nav__label'][normalize-space()='Grade 5']]
2023-06-03 14:32:41,996 -0400 [main] INFO  (TVOPage.java:51) - Card Locator:Proxy element for: DefaultElementLocator 'By.xpath: //a[@id='s-ace35f53-832c-4a69-8fd1-454cf9205641']'
2023-06-03 14:48:25,659 -0400 [main] INFO  (Demo.java:43) - DriverSafariDriver: Safari on MAC (98237A74-E6C7-4DF5-AE56-46E3793E129F)
2023-06-03 14:48:38,305 -0400 [main] INFO  (TVOPage.java:29) - Elementary (K-8) dropdown Locator:[[SafariDriver: Safari on MAC (98237A74-E6C7-4DF5-AE56-46E3793E129F)] -> xpath: //div[@class='grid grid--no-gutters grid--table site-header__mobile-nav']//li[1]//button[1]]
2023-06-03 14:48:38,348 -0400 [main] INFO  (TVOPage.java:39) - Grade Locator:[[SafariDriver: Safari on MAC (98237A74-E6C7-4DF5-AE56-46E3793E129F)] -> xpath: //span[@class='site-nav__label'][normalize-space()='Grade 5']]
2023-06-03 14:48:57,142 -0400 [main] INFO  (Demo.java:43) - DriverSafariDriver: Safari on MAC (7DADC93F-6EE7-4C23-974A-F6B56E66BD03)
2023-06-03 14:49:00,857 -0400 [main] INFO  (TVOPage.java:29) - Elementary (K-8) dropdown Locator:[[SafariDriver: Safari on MAC (7DADC93F-6EE7-4C23-974A-F6B56E66BD03)] -> xpath: //div[@class='grid grid--no-gutters grid--table site-header__mobile-nav']//li[1]//button[1]]
2023-06-03 14:49:00,900 -0400 [main] INFO  (TVOPage.java:39) - Grade Locator:[[SafariDriver: Safari on MAC (7DADC93F-6EE7-4C23-974A-F6B56E66BD03)] -> xpath: //span[@class='site-nav__label'][normalize-space()='Grade 5']]
2023-06-03 14:50:18,251 -0400 [main] INFO  (Demo.java:43) - DriverSafariDriver: Safari on MAC (3218FE21-CC3F-4340-A9AB-FE863C5913E2)
2023-06-03 14:50:23,050 -0400 [main] INFO  (TVOPage.java:29) - Elementary (K-8) dropdown Locator:[[SafariDriver: Safari on MAC (3218FE21-CC3F-4340-A9AB-FE863C5913E2)] -> xpath: //div[@class='grid grid--no-gutters grid--table site-header__mobile-nav']//li[1]//button[1]]
2023-06-03 14:50:23,092 -0400 [main] INFO  (TVOPage.java:39) - Grade Locator:[[SafariDriver: Safari on MAC (3218FE21-CC3F-4340-A9AB-FE863C5913E2)] -> xpath: //span[@class='site-nav__label'][normalize-space()='Grade 5']]
2023-06-03 14:50:40,207 -0400 [main] INFO  (TVOPage.java:51) - Card Locator:Proxy element for: DefaultElementLocator 'By.xpath: //a[@id='s-ace35f53-832c-4a69-8fd1-454cf9205641']//div[@class='button-subject-link'][normalize-space()='Explore Details']'
2023-06-03 14:51:07,837 -0400 [main] INFO  (TVOPage.java:29) - Elementary (K-8) dropdown Locator:[[SafariDriver: Safari on MAC (EE89C270-BB3E-4688-A8C8-19FE1A423105)] -> xpath: //div[@class='grid grid--no-gutters grid--table site-header__mobile-nav']//li[1]//button[1]]
2023-06-03 14:51:07,881 -0400 [main] INFO  (TVOPage.java:39) - Grade Locator:[[SafariDriver: Safari on MAC (EE89C270-BB3E-4688-A8C8-19FE1A423105)] -> xpath: //span[@class='site-nav__label'][normalize-space()='Grade 5']]
2023-06-03 14:51:10,016 -0400 [main] INFO  (TVOPage.java:51) - Card Locator:[[SafariDriver: Safari on MAC (EE89C270-BB3E-4688-A8C8-19FE1A423105)] -> xpath: //a[@id='s-ace35f53-832c-4a69-8fd1-454cf9205641']//div[@class='button-subject-link'][normalize-space()='Explore Details']]
2023-06-03 14:51:12,248 -0400 [main] INFO  (CardPage.java:30) - Link Locator:[[SafariDriver: Safari on MAC (EE89C270-BB3E-4688-A8C8-19FE1A423105)] -> xpath: //p[normalize-space()='Power Pathways']]
2023-06-03 15:07:56,968 -0400 [main] INFO  (TVOPage.java:29) - Elementary (K-8) dropdown Locator:[[SafariDriver: Safari on MAC (BBE3A636-3B0C-4773-AC0B-C797ED44C110)] -> xpath: //div[@class='grid grid--no-gutters grid--table site-header__mobile-nav']//li[1]//button[1]]
2023-06-03 15:07:57,003 -0400 [main] INFO  (TVOPage.java:39) - Grade Locator:[[SafariDriver: Safari on MAC (BBE3A636-3B0C-4773-AC0B-C797ED44C110)] -> xpath: //span[@class='site-nav__label'][normalize-space()='Grade 5']]
2023-06-03 15:07:59,120 -0400 [main] INFO  (TVOPage.java:51) - Card Locator:[[SafariDriver: Safari on MAC (BBE3A636-3B0C-4773-AC0B-C797ED44C110)] -> xpath: //a[@id='s-ace35f53-832c-4a69-8fd1-454cf9205641']//div[@class='button-subject-link'][normalize-space()='Explore Details']]
2023-06-03 15:08:01,348 -0400 [main] INFO  (CardPage.java:30) - Link Locator:[[SafariDriver: Safari on MAC (BBE3A636-3B0C-4773-AC0B-C797ED44C110)] -> xpath: //p[normalize-space()='Power Pathways']]
2023-06-03 15:14:57,474 -0400 [main] INFO  (Demo.java:43) - DriverSafariDriver: Safari on MAC (2A0A18BD-419C-4089-B755-F88FAD9B633A)
2023-06-03 15:15:02,629 -0400 [main] INFO  (TVOPage.java:29) - Elementary (K-8) dropdown Locator:[[SafariDriver: Safari on MAC (2A0A18BD-419C-4089-B755-F88FAD9B633A)] -> xpath: //div[@class='grid grid--no-gutters grid--table site-header__mobile-nav']//li[1]//button[1]]
2023-06-03 15:15:02,660 -0400 [main] INFO  (TVOPage.java:39) - Grade Locator:[[SafariDriver: Safari on MAC (2A0A18BD-419C-4089-B755-F88FAD9B633A)] -> xpath: //span[@class='site-nav__label'][normalize-space()='Grade 5']]
2023-06-03 15:15:18,967 -0400 [main] INFO  (TVOPage.java:51) - Card Locator:Proxy element for: DefaultElementLocator 'By.xpath: //a[@id='s-ace35f53-832c-4a69-8fd1-454cf9205641']//div[@class='button-subject-link'][normalize-space()='Explore Details']'
2023-06-03 15:16:29,047 -0400 [main] INFO  (Demo.java:43) - DriverSafariDriver: Safari on MAC (DE723962-AB62-4269-9CDA-C56D1F2DFF24)
2023-06-03 15:16:33,479 -0400 [main] INFO  (TVOPage.java:29) - Elementary (K-8) dropdown Locator:[[SafariDriver: Safari on MAC (DE723962-AB62-4269-9CDA-C56D1F2DFF24)] -> xpath: //div[@class='grid grid--no-gutters grid--table site-header__mobile-nav']//li[1]//button[1]]
2023-06-03 15:16:33,524 -0400 [main] INFO  (TVOPage.java:39) - Grade Locator:[[SafariDriver: Safari on MAC (DE723962-AB62-4269-9CDA-C56D1F2DFF24)] -> xpath: //span[@class='site-nav__label'][normalize-space()='Grade 5']]
2023-06-03 15:16:49,913 -0400 [main] INFO  (TVOPage.java:51) - Card Locator:Proxy element for: DefaultElementLocator 'By.xpath: //a[@id='s-ace35f53-832c-4a69-8fd1-454cf9205641']//div[@class='button-subject-link'][normalize-space()='Explore Details']'
2023-06-03 15:19:45,775 -0400 [main] INFO  (Demo.java:43) - DriverSafariDriver: Safari on MAC (7DFA336F-F9E7-476E-9D7C-5506F69094F8)
2023-06-03 15:19:49,669 -0400 [main] INFO  (TVOPage.java:29) - Elementary (K-8) dropdown Locator:[[SafariDriver: Safari on MAC (7DFA336F-F9E7-476E-9D7C-5506F69094F8)] -> xpath: //div[@class='grid grid--no-gutters grid--table site-header__mobile-nav']//li[1]//button[1]]
2023-06-03 15:19:49,707 -0400 [main] INFO  (TVOPage.java:39) - Grade Locator:[[SafariDriver: Safari on MAC (7DFA336F-F9E7-476E-9D7C-5506F69094F8)] -> xpath: //span[@class='site-nav__label'][normalize-space()='Grade 5']]
2023-06-03 15:20:05,897 -0400 [main] INFO  (TVOPage.java:51) - Card Locator:Proxy element for: DefaultElementLocator 'By.xpath: //a[@id='s-ace35f53-832c-4a69-8fd1-454cf9205641']//div[@class='button-subject-link'][normalize-space()='Explore Details']'
2023-06-03 15:21:58,449 -0400 [main] INFO  (Demo.java:43) - DriverSafariDriver: Safari on MAC (75DA912C-25D2-4744-B968-AFA94EF30640)
2023-06-03 15:22:02,256 -0400 [main] INFO  (TVOPage.java:29) - Elementary (K-8) dropdown Locator:[[SafariDriver: Safari on MAC (75DA912C-25D2-4744-B968-AFA94EF30640)] -> xpath: //div[@class='grid grid--no-gutters grid--table site-header__mobile-nav']//li[1]//button[1]]
2023-06-03 15:22:02,288 -0400 [main] INFO  (TVOPage.java:39) - Grade Locator:[[SafariDriver: Safari on MAC (75DA912C-25D2-4744-B968-AFA94EF30640)] -> xpath: //span[@class='site-nav__label'][normalize-space()='Grade 5']]
2023-06-03 15:22:18,696 -0400 [main] INFO  (TVOPage.java:51) - Card Locator:Proxy element for: DefaultElementLocator 'By.xpath: //a[@id='s-ace35f53-832c-4a69-8fd1-454cf9205641']//div[@class='button-subject-link'][normalize-space()='Explore Details']'
2023-06-03 15:25:08,189 -0400 [main] INFO  (Demo.java:43) - DriverSafariDriver: Safari on MAC (95EE504F-5B29-46BE-9928-E8B83AD688C2)
2023-06-03 15:25:12,456 -0400 [main] INFO  (TVOPage.java:29) - Elementary (K-8) dropdown Locator:[[SafariDriver: Safari on MAC (95EE504F-5B29-46BE-9928-E8B83AD688C2)] -> xpath: //div[@class='grid grid--no-gutters grid--table site-header__mobile-nav']//li[1]//button[1]]
2023-06-03 15:25:12,505 -0400 [main] INFO  (TVOPage.java:39) - Grade Locator:[[SafariDriver: Safari on MAC (95EE504F-5B29-46BE-9928-E8B83AD688C2)] -> xpath: //span[@class='site-nav__label'][normalize-space()='Grade 5']]
2023-06-03 15:31:11,317 -0400 [main] INFO  (Demo.java:43) - DriverSafariDriver: Safari on MAC (4565D058-1CD8-4C93-B679-F27A90A562A4)
2023-06-03 15:31:16,278 -0400 [main] INFO  (TVOPage.java:29) - Elementary (K-8) dropdown Locator:[[SafariDriver: Safari on MAC (4565D058-1CD8-4C93-B679-F27A90A562A4)] -> xpath: //div[@class='grid grid--no-gutters grid--table site-header__mobile-nav']//li[1]//button[1]]
2023-06-03 15:31:16,311 -0400 [main] INFO  (TVOPage.java:39) - Grade Locator:[[SafariDriver: Safari on MAC (4565D058-1CD8-4C93-B679-F27A90A562A4)] -> xpath: //span[@class='site-nav__label'][normalize-space()='Grade 5']]
2023-06-03 15:31:38,135 -0400 [main] INFO  (Demo.java:43) - DriverSafariDriver: Safari on MAC (0AF8C4F7-6D66-4211-AFD6-AEE876C20CE7)
2023-06-03 15:31:43,142 -0400 [main] INFO  (TVOPage.java:29) - Elementary (K-8) dropdown Locator:[[SafariDriver: Safari on MAC (0AF8C4F7-6D66-4211-AFD6-AEE876C20CE7)] -> xpath: //div[@class='grid grid--no-gutters grid--table site-header__mobile-nav']//li[1]//button[1]]
2023-06-03 15:31:43,182 -0400 [main] INFO  (TVOPage.java:39) - Grade Locator:[[SafariDriver: Safari on MAC (0AF8C4F7-6D66-4211-AFD6-AEE876C20CE7)] -> xpath: //span[@class='site-nav__label'][normalize-space()='Grade 5']]
2023-06-03 15:31:59,914 -0400 [main] INFO  (TVOPage.java:51) - Card Locator:Proxy element for: DefaultElementLocator 'By.xpath: //a[@id='s-ace35f53-832c-4a69-8fd1-454cf9205641']//div[@class='button-subject-link'][normalize-space()='Explore Details']'
2023-06-03 15:33:05,643 -0400 [main] INFO  (Demo.java:43) - DriverSafariDriver: Safari on MAC (058E5E16-1AF8-447E-9428-D8BE228B1510)
2023-06-03 15:33:10,378 -0400 [main] INFO  (TVOPage.java:29) - Elementary (K-8) dropdown Locator:[[SafariDriver: Safari on MAC (058E5E16-1AF8-447E-9428-D8BE228B1510)] -> xpath: //div[@class='grid grid--no-gutters grid--table site-header__mobile-nav']//li[1]//button[1]]
2023-06-03 15:33:10,414 -0400 [main] INFO  (TVOPage.java:39) - Grade Locator:[[SafariDriver: Safari on MAC (058E5E16-1AF8-447E-9428-D8BE228B1510)] -> xpath: //span[@class='site-nav__label'][normalize-space()='Grade 5']]
2023-06-03 15:33:28,920 -0400 [main] INFO  (Demo.java:43) - DriverSafariDriver: Safari on MAC (89D447A3-A2A1-4E45-BBBC-E748D79744C8)
2023-06-03 15:33:33,009 -0400 [main] INFO  (TVOPage.java:29) - Elementary (K-8) dropdown Locator:[[SafariDriver: Safari on MAC (89D447A3-A2A1-4E45-BBBC-E748D79744C8)] -> xpath: //div[@class='grid grid--no-gutters grid--table site-header__mobile-nav']//li[1]//button[1]]
2023-06-03 15:33:33,046 -0400 [main] INFO  (TVOPage.java:39) - Grade Locator:[[SafariDriver: Safari on MAC (89D447A3-A2A1-4E45-BBBC-E748D79744C8)] -> xpath: //span[@class='site-nav__label'][normalize-space()='Grade 5']]
2023-06-03 15:33:49,870 -0400 [main] INFO  (TVOPage.java:51) - Card Locator:Proxy element for: DefaultElementLocator 'By.xpath: //a[@id='s-ace35f53-832c-4a69-8fd1-454cf9205641']//div[@class='button-subject-link'][normalize-space()='Explore Details']'
2023-06-04 11:50:38,865 -0400 [main] INFO  (Demo.java:43) - DriverSafariDriver: Safari on MAC (84268344-7558-4567-ADAA-C1F6520C658F)
2023-06-04 11:50:51,457 -0400 [main] INFO  (TVOPage.java:29) - Elementary (K-8) dropdown Locator:[[SafariDriver: Safari on MAC (84268344-7558-4567-ADAA-C1F6520C658F)] -> xpath: //div[@class='grid grid--no-gutters grid--table site-header__mobile-nav']//li[1]//button[1]]
2023-06-04 11:50:51,500 -0400 [main] INFO  (TVOPage.java:39) - Grade Locator:[[SafariDriver: Safari on MAC (84268344-7558-4567-ADAA-C1F6520C658F)] -> xpath: //span[@class='site-nav__label'][normalize-space()='Grade 5']]
2023-06-04 11:51:07,665 -0400 [main] INFO  (TVOPage.java:51) - Card Locator:Proxy element for: DefaultElementLocator 'By.xpath: //a[@id='s-ace35f53-832c-4a69-8fd1-454cf9205641']//div[@class='button-subject-link'][normalize-space()='Explore Details']'
2023-06-04 21:47:29,118 -0400 [main] INFO  (Demo.java:42) - DriverSafariDriver: Safari on MAC (D8D8435A-67CA-4EC2-BB47-14EE98698F17)
2023-06-04 21:47:33,271 -0400 [main] INFO  (TVOPage.java:32) - Elementary (K-8) dropdown Locator:[[SafariDriver: Safari on MAC (D8D8435A-67CA-4EC2-BB47-14EE98698F17)] -> xpath: //div[@class='grid grid--no-gutters grid--table site-header__mobile-nav']//li[1]//button[1]]
2023-06-04 21:47:33,299 -0400 [main] INFO  (TVOPage.java:43) - Grade Locator:[[SafariDriver: Safari on MAC (D8D8435A-67CA-4EC2-BB47-14EE98698F17)] -> xpath: //span[@class='site-nav__label'][normalize-space()='Grade 5']]
2023-06-04 21:47:49,353 -0400 [main] INFO  (TVOPage.java:55) - Card Locator:Proxy element for: DefaultElementLocator 'By.xpath: //a[@id='s-ace35f53-832c-4a69-8fd1-454cf9205641']//div[@class='button-subject-link'][normalize-space()='Explore Details']'
2023-06-05 09:33:56,156 -0400 [main] INFO  (Demo.java:42) - DriverSafariDriver: Safari on MAC (4B37B673-29BA-40DD-B15A-B20543D4A1C9)
2023-06-05 09:34:01,163 -0400 [main] INFO  (TVOPage.java:32) - Elementary (K-8) dropdown Locator:[[SafariDriver: Safari on MAC (4B37B673-29BA-40DD-B15A-B20543D4A1C9)] -> xpath: //div[@class='grid grid--no-gutters grid--table site-header__mobile-nav']//li[1]//button[1]]
2023-06-05 09:34:01,189 -0400 [main] INFO  (TVOPage.java:43) - Grade Locator:[[SafariDriver: Safari on MAC (4B37B673-29BA-40DD-B15A-B20543D4A1C9)] -> xpath: //span[@class='site-nav__label'][normalize-space()='Grade 5']]
2023-06-05 09:34:17,437 -0400 [main] INFO  (TVOPage.java:55) - Card Locator:Proxy element for: DefaultElementLocator 'By.xpath: //a[@id='s-ace35f53-832c-4a69-8fd1-454cf9205641']//div[@class='button-subject-link'][normalize-space()='Explore Details']'
2023-06-05 09:35:13,324 -0400 [main] INFO  (TVOPage.java:32) - Elementary (K-8) dropdown Locator:[[SafariDriver: Safari on MAC (5F32C640-184C-4D4A-B329-19B4E345CB22)] -> xpath: //div[@class='grid grid--no-gutters grid--table site-header__mobile-nav']//li[1]//button[1]]
2023-06-05 09:35:13,358 -0400 [main] INFO  (TVOPage.java:43) - Grade Locator:[[SafariDriver: Safari on MAC (5F32C640-184C-4D4A-B329-19B4E345CB22)] -> xpath: //span[@class='site-nav__label'][normalize-space()='Grade 5']]
2023-06-05 09:35:15,491 -0400 [main] INFO  (TVOPage.java:55) - Card Locator:[[SafariDriver: Safari on MAC (5F32C640-184C-4D4A-B329-19B4E345CB22)] -> xpath: //a[@id='s-ace35f53-832c-4a69-8fd1-454cf9205641']//div[@class='button-subject-link'][normalize-space()='Explore Details']]
2023-06-05 09:35:17,699 -0400 [main] INFO  (CardPage.java:29) - Link Locator:[[SafariDriver: Safari on MAC (5F32C640-184C-4D4A-B329-19B4E345CB22)] -> xpath: //p[normalize-space()='Power Pathways']]
2023-06-05 11:35:25,040 -0400 [main] INFO  (Demo.java:42) - DriverSafariDriver: Safari on MAC (7E0C4CE3-FBA3-432A-811A-715F6BCDCE74)
2023-06-05 11:35:38,499 -0400 [main] INFO  (TVOPage.java:32) - Elementary (K-8) dropdown Locator:[[SafariDriver: Safari on MAC (7E0C4CE3-FBA3-432A-811A-715F6BCDCE74)] -> xpath: //div[@class='grid grid--no-gutters grid--table site-header__mobile-nav']//li[1]//button[1]]
2023-06-05 11:35:38,528 -0400 [main] INFO  (TVOPage.java:43) - Grade Locator:[[SafariDriver: Safari on MAC (7E0C4CE3-FBA3-432A-811A-715F6BCDCE74)] -> xpath: //span[@class='site-nav__label'][normalize-space()='Grade 5']]
2023-06-05 11:35:54,815 -0400 [main] INFO  (TVOPage.java:55) - Card Locator:Proxy element for: DefaultElementLocator 'By.xpath: //a[@id='s-ace35f53-832c-4a69-8fd1-454cf9205641']//div[@class='button-subject-link'][normalize-space()='Explore Details']'
2023-06-05 11:36:50,181 -0400 [main] INFO  (TVOPage.java:32) - Elementary (K-8) dropdown Locator:[[SafariDriver: Safari on MAC (195F31EB-07BF-401F-A25C-71DCD81D8D08)] -> xpath: //div[@class='grid grid--no-gutters grid--table site-header__mobile-nav']//li[1]//button[1]]
2023-06-05 11:36:50,213 -0400 [main] INFO  (TVOPage.java:43) - Grade Locator:[[SafariDriver: Safari on MAC (195F31EB-07BF-401F-A25C-71DCD81D8D08)] -> xpath: //span[@class='site-nav__label'][normalize-space()='Grade 5']]
2023-06-05 11:36:52,335 -0400 [main] INFO  (TVOPage.java:55) - Card Locator:[[SafariDriver: Safari on MAC (195F31EB-07BF-401F-A25C-71DCD81D8D08)] -> xpath: //a[@id='s-ace35f53-832c-4a69-8fd1-454cf9205641']//div[@class='button-subject-link'][normalize-space()='Explore Details']]
2023-06-05 11:36:54,544 -0400 [main] INFO  (CardPage.java:29) - Link Locator:[[SafariDriver: Safari on MAC (195F31EB-07BF-401F-A25C-71DCD81D8D08)] -> xpath: //p[normalize-space()='Power Pathways']]
2023-06-05 11:45:59,879 -0400 [main] INFO  (Demo.java:42) - DriverSafariDriver: Safari on MAC (6E386E98-D7D0-4FF9-BC0F-9B5311D2446E)
2023-06-05 11:46:04,329 -0400 [main] INFO  (TVOPage.java:35) - Elementary (K-8) dropdown Locator:[[SafariDriver: Safari on MAC (6E386E98-D7D0-4FF9-BC0F-9B5311D2446E)] -> xpath: //div[@class='grid grid--no-gutters grid--table site-header__mobile-nav']//li[1]//button[1]]
2023-06-05 11:46:04,368 -0400 [main] INFO  (TVOPage.java:46) - Grade Locator:[[SafariDriver: Safari on MAC (6E386E98-D7D0-4FF9-BC0F-9B5311D2446E)] -> xpath: //span[@class='site-nav__label'][normalize-space()='Grade 5']]
2023-06-05 11:46:20,731 -0400 [main] INFO  (TVOPage.java:58) - Card Locator:Proxy element for: DefaultElementLocator 'By.xpath: //a[@id='s-ace35f53-832c-4a69-8fd1-454cf9205641']//div[@class='button-subject-link'][normalize-space()='Explore Details']'
2023-06-05 11:52:17,995 -0400 [main] INFO  (Demo.java:42) - DriverSafariDriver: Safari on MAC (49B5B1E7-6625-4008-8DF3-B54D46101411)
2023-06-05 11:52:21,669 -0400 [main] INFO  (TVOPage.java:33) - Elementary (K-8) dropdown Locator:[[SafariDriver: Safari on MAC (49B5B1E7-6625-4008-8DF3-B54D46101411)] -> xpath: //div[@class='grid grid--no-gutters grid--table site-header__mobile-nav']//li[1]//button[1]]
2023-06-05 11:52:21,708 -0400 [main] INFO  (TVOPage.java:44) - Grade Locator:[[SafariDriver: Safari on MAC (49B5B1E7-6625-4008-8DF3-B54D46101411)] -> xpath: //span[@class='site-nav__label'][normalize-space()='Grade 5']]
2023-06-05 11:52:37,651 -0400 [main] INFO  (TVOPage.java:56) - Card Locator:Proxy element for: DefaultElementLocator 'By.xpath: //a[@id='s-ace35f53-832c-4a69-8fd1-454cf9205641']//div[@class='button-subject-link'][normalize-space()='Explore Details']'
2023-06-05 11:53:11,437 -0400 [main] INFO  (TVOPage.java:33) - Elementary (K-8) dropdown Locator:[[SafariDriver: Safari on MAC (0C06EA18-EE86-4720-BCEB-0588FEDFB539)] -> xpath: //div[@class='grid grid--no-gutters grid--table site-header__mobile-nav']//li[1]//button[1]]
2023-06-05 11:53:11,485 -0400 [main] INFO  (TVOPage.java:44) - Grade Locator:[[SafariDriver: Safari on MAC (0C06EA18-EE86-4720-BCEB-0588FEDFB539)] -> xpath: //span[@class='site-nav__label'][normalize-space()='Grade 5']]
2023-06-05 11:53:13,626 -0400 [main] INFO  (TVOPage.java:56) - Card Locator:[[SafariDriver: Safari on MAC (0C06EA18-EE86-4720-BCEB-0588FEDFB539)] -> xpath: //a[@id='s-ace35f53-832c-4a69-8fd1-454cf9205641']//div[@class='button-subject-link'][normalize-space()='Explore Details']]
2023-06-05 11:53:15,836 -0400 [main] INFO  (CardPage.java:29) - Link Locator:[[SafariDriver: Safari on MAC (0C06EA18-EE86-4720-BCEB-0588FEDFB539)] -> xpath: //p[normalize-space()='Power Pathways']]
